app/build/intermediates/manifest_merge_blame_file/debug/manifest-merger-blame-debug-report.txt
1<?xml version="1.0" encoding="utf-8"?>
2<manifest xmlns:android="http://schemas.android.com/apk/res/android"
3    package="tnefern.honeybeeframework"
4    android:versionCode="1"
5    android:versionName="1.0" >
6
7    <uses-sdk
8        android:minSdkVersion="14"
8-->src/main/AndroidManifest.xml
9        android:targetSdkVersion="28" />
9-->src/main/AndroidManifest.xml
10
11    <uses-feature
11-->src/main/AndroidManifest.xml:9:5-11:35
12        android:name="android.hardware.wifi.direct"
12-->src/main/AndroidManifest.xml:10:9-52
13        android:required="true" />
13-->src/main/AndroidManifest.xml:11:9-32
14
15    <uses-permission android:name="android.permission.BLUETOOTH" />
15-->src/main/AndroidManifest.xml:13:5-68
15-->src/main/AndroidManifest.xml:13:22-65
16    <uses-permission android:name="android.permission.WRITE_EXTERNAL_STORAGE" />
16-->src/main/AndroidManifest.xml:14:5-81
16-->src/main/AndroidManifest.xml:14:22-78
17    <uses-permission android:name="android.permission.READ_EXTERNAL_STORAGE" />
17-->src/main/AndroidManifest.xml:15:5-80
17-->src/main/AndroidManifest.xml:15:22-77
18    <uses-permission android:name="android.permission.BLUETOOTH_ADMIN" />
18-->src/main/AndroidManifest.xml:16:5-74
18-->src/main/AndroidManifest.xml:16:22-71
19    <uses-permission android:name="android.permission.CAMERA" />
19-->src/main/AndroidManifest.xml:17:5-65
19-->src/main/AndroidManifest.xml:17:22-62
20    <uses-permission android:name="android.permission.ACCESS_BLUETOOTH_SHARE" />
20-->src/main/AndroidManifest.xml:18:5-81
20-->src/main/AndroidManifest.xml:18:22-78
21    <uses-permission android:name="android.permission.ACCESS_WIFI_STATE" />
21-->src/main/AndroidManifest.xml:19:5-76
21-->src/main/AndroidManifest.xml:19:22-73
22    <uses-permission android:name="android.permission.CHANGE_WIFI_STATE" />
22-->src/main/AndroidManifest.xml:20:5-76
22-->src/main/AndroidManifest.xml:20:22-73
23    <uses-permission android:name="android.permission.CHANGE_NETWORK_STATE" />
23-->src/main/AndroidManifest.xml:21:5-79
23-->src/main/AndroidManifest.xml:21:22-76
24    <uses-permission android:name="android.permission.INTERNET" />
24-->src/main/AndroidManifest.xml:22:5-67
24-->src/main/AndroidManifest.xml:22:22-64
25    <uses-permission android:name="android.permission.ACCESS_NETWORK_STATE" />
25-->src/main/AndroidManifest.xml:23:5-79
25-->src/main/AndroidManifest.xml:23:22-76
26    <uses-permission android:name="android.permission.READ_PHONE_STATE" />
26-->src/main/AndroidManifest.xml:24:5-75
26-->src/main/AndroidManifest.xml:24:22-72
27
28    <uses-feature
28-->src/main/AndroidManifest.xml:25:5-85
29        android:name="android.hardware.camera"
29-->src/main/AndroidManifest.xml:25:19-57
30        android:required="false" />
30-->src/main/AndroidManifest.xml:25:58-82
31    <uses-feature android:name="android.hardware.camera.autofocus" />
31-->src/main/AndroidManifest.xml:26:5-70
31-->src/main/AndroidManifest.xml:26:19-67
32    <uses-feature android:name="android.hardware.camera.flash" />
32-->src/main/AndroidManifest.xml:27:5-66
32-->src/main/AndroidManifest.xml:27:19-63
33
34    <application
34-->src/main/AndroidManifest.xml:29:5-70:19
35        android:allowBackup="true"
35-->src/main/AndroidManifest.xml:32:9-35
36        android:appComponentFactory="android.support.v4.app.CoreComponentFactory"
36-->[com.android.support:support-compat:28.0.0] AndroidManifest.xml:22:18-91
37        android:debuggable="true"
38        android:icon="@drawable/bee"
38-->src/main/AndroidManifest.xml:33:9-37
39        android:label="@string/app_name"
39-->src/main/AndroidManifest.xml:34:9-41
40        android:testOnly="true"
41        android:theme="@style/AppTheme" >
41-->src/main/AndroidManifest.xml:35:9-40
42        <meta-data
42-->src/main/AndroidManifest.xml:37:9-39:47
43            android:name="com.robotemi.sdk.metadata.SKILL"
43-->src/main/AndroidManifest.xml:38:13-59
44            android:value="@string/app_name" />
44-->src/main/AndroidManifest.xml:39:13-45
45
46        <activity
46-->src/main/AndroidManifest.xml:40:9-48:20
47            android:name="tnefern.honeybeeframework.HoneybeeCrowdActivity"
47-->src/main/AndroidManifest.xml:41:13-75
48            android:label="@string/app_name" >
48-->src/main/AndroidManifest.xml:42:13-45
49            <intent-filter>
49-->src/main/AndroidManifest.xml:43:13-47:29
50                <action android:name="android.intent.action.MAIN" />
50-->src/main/AndroidManifest.xml:44:17-69
50-->src/main/AndroidManifest.xml:44:25-66
51
52                <category android:name="android.intent.category.LAUNCHER" />
52-->src/main/AndroidManifest.xml:46:17-77
52-->src/main/AndroidManifest.xml:46:27-74
53            </intent-filter>
54        </activity>
55        <activity android:name="tnefern.honeybeeframework.apps.facematch.FaceMatchDelegatorActivity" >
55-->src/main/AndroidManifest.xml:49:9-50:20
55-->src/main/AndroidManifest.xml:49:19-76
56        </activity>
57        <activity android:name="tnefern.honeybeeframework.apps.facematch.FaceMatchWorkerActivity" >
57-->src/main/AndroidManifest.xml:51:9-52:20
57-->src/main/AndroidManifest.xml:51:19-73
58        </activity>
59        <activity android:name="tnefern.honeybeeframework.apps.facematch.FinishedFaceMatchDelegatorActivity" >
59-->src/main/AndroidManifest.xml:53:9-54:20
59-->src/main/AndroidManifest.xml:53:19-109
60        </activity>
61        <activity android:name="tnefern.honeybeeframework.worker.FinishedWorkerActivity" >
61-->src/main/AndroidManifest.xml:55:9-56:20
61-->src/main/AndroidManifest.xml:55:19-64
62        </activity>
63
64        <service android:name="tnefern.honeybeeframework.wifidirect.WiFiDirectWorkerNonOwnerService" />
64-->src/main/AndroidManifest.xml:57:9-87
64-->src/main/AndroidManifest.xml:57:18-76
65
66        <activity android:name="tnefern.honeybeeframework.apps.mandelbrot.MandelbrotDelegatorActivity" />
66-->src/main/AndroidManifest.xml:58:9-90
66-->src/main/AndroidManifest.xml:58:19-78
67        <activity android:name="tnefern.honeybeeframework.apps.mandelbrot.MandelbrotWorkerActivity" />
67-->src/main/AndroidManifest.xml:59:9-87
67-->src/main/AndroidManifest.xml:59:19-75
68        <activity android:name="tnefern.honeybeeframework.apps.mandelbrot.FinishedMandelbrotDelegatorActivity" />
68-->src/main/AndroidManifest.xml:60:9-98
68-->src/main/AndroidManifest.xml:60:19-86
69        <activity
69-->src/main/AndroidManifest.xml:61:9-64:20
70            android:name="tnefern.honeybeeframework.apps.takephoto.TakePhotoDelegatorActivity"
70-->src/main/AndroidManifest.xml:61:19-76
71            android:screenOrientation="landscape" >
71-->src/main/AndroidManifest.xml:62:13-50
72
73            <!-- configure this activity to use landscape orientation -->
74        </activity>
75        <activity android:name="tnefern.honeybeeframework.apps.takephoto.TakePhotoWorkerActivity" />
75-->src/main/AndroidManifest.xml:65:9-86
75-->src/main/AndroidManifest.xml:65:19-73
76        <activity android:name="tnefern.honeybeeframework.apps.takephoto.FinishedTakePhotoDelegatorActivity" />
76-->src/main/AndroidManifest.xml:66:9-122
76-->src/main/AndroidManifest.xml:66:19-109
77    </application>
78
79</manifest>